<?xml version="1.0" encoding="UTF-8"?>
<testng-results skipped="0" failed="0" ignored="0" total="1" passed="1">
  <reporter-output>
  </reporter-output>
  <suite name="Suite" duration-ms="109" started-at="2018-07-26T04:59:39Z" finished-at="2018-07-26T04:59:39Z">
    <groups>
    </groups>
    <test name="Test" duration-ms="109" started-at="2018-07-26T04:59:39Z" finished-at="2018-07-26T04:59:39Z">
      <class name="com.Testcases.TC_01_Sample">
        <test-method status="PASS" signature="simple()[pri:0, instance:com.Testcases.TC_01_Sample@396a51ab]" name="simple" duration-ms="32" started-at="2018-07-26T10:29:39Z" finished-at="2018-07-26T10:29:39Z">
          <reporter-output>
          </reporter-output>
        </test-method> <!-- simple -->
      </class> <!-- com.Testcases.TC_01_Sample -->
    </test> <!-- Test -->
  </suite> <!-- Suite -->
</testng-results>
